[2020-10-21T01:29:54.349Z][QUERY]: SELECT "User"."id" AS "User_id", "User"."username" AS "User_username" FROM "user" "User" WHERE "User"."deletedAt" IS NULL
[2020-10-21T01:29:54.351Z][FAILED QUERY]: SELECT "User"."id" AS "User_id", "User"."username" AS "User_username" FROM "user" "User" WHERE "User"."deletedAt" IS NULL
[2020-10-21T01:29:54.351Z][QUERY ERROR]: error: relation "user" does not exist
[2020-10-21T01:31:06.815Z][QUERY]: SELECT "User"."id" AS "User_id", "User"."username" AS "User_username" FROM "user" "User" WHERE "User"."deletedAt" IS NULL
[2020-10-21T01:31:06.819Z][FAILED QUERY]: SELECT "User"."id" AS "User_id", "User"."username" AS "User_username" FROM "user" "User" WHERE "User"."deletedAt" IS NULL
[2020-10-21T01:31:06.819Z][QUERY ERROR]: error: column User.deletedAt does not exist
[2020-10-21T01:34:39.251Z][QUERY]: SELECT "User"."id" AS "User_id", "User"."username" AS "User_username" FROM "user" "User" WHERE "User"."deletedAt" IS NULL
[2020-10-21T01:34:39.254Z][FAILED QUERY]: SELECT "User"."id" AS "User_id", "User"."username" AS "User_username" FROM "user" "User" WHERE "User"."deletedAt" IS NULL
[2020-10-21T01:34:39.254Z][QUERY ERROR]: error: relation "user" does not exist
[2020-10-21T01:35:40.692Z][QUERY]: SELECT "User"."id" AS "User_id", "User"."username" AS "User_username" FROM "user" "User" WHERE "User"."deletedAt" IS NULL
[2020-10-21T01:38:00.729Z][QUERY]: SELECT "User"."id" AS "User_id", "User"."username" AS "User_username" FROM "user" "User" WHERE "User"."deletedAt" IS NULL
[2020-10-21T11:59:52.192Z][QUERY]: SELECT "User"."id" AS "User_id", "User"."username" AS "User_username" FROM "user" "User" WHERE "User"."deletedAt" IS NULL
[2020-10-21T12:02:04.932Z][QUERY]: SELECT "Movie"."id" AS "Movie_id", "Movie"."title" AS "Movie_title", "Movie"."description" AS "Movie_description", "Movie"."director" AS "Movie_director", "Movie"."genre" AS "Movie_genre" FROM "movie" "Movie" WHERE "Movie"."director" = $1 AND "Movie"."genre" = $2 AND "Movie"."title" = $3 -- PARAMETERS: [null,null,null]
[2020-10-21T12:02:04.934Z][FAILED QUERY]: SELECT "Movie"."id" AS "Movie_id", "Movie"."title" AS "Movie_title", "Movie"."description" AS "Movie_description", "Movie"."director" AS "Movie_director", "Movie"."genre" AS "Movie_genre" FROM "movie" "Movie" WHERE "Movie"."director" = $1 AND "Movie"."genre" = $2 AND "Movie"."title" = $3 -- PARAMETERS: [null,null,null]
[2020-10-21T12:02:04.934Z][QUERY ERROR]: error: relation "movie" does not exist
[2020-10-21T12:03:54.417Z][QUERY]: SELECT "Movie"."id" AS "Movie_id", "Movie"."title" AS "Movie_title", "Movie"."description" AS "Movie_description", "Movie"."director" AS "Movie_director", "Movie"."genre" AS "Movie_genre" FROM "movie" "Movie" WHERE "Movie"."director" = $1 AND "Movie"."genre" = $2 AND "Movie"."title" = $3 -- PARAMETERS: [null,null,null]
[2020-10-21T12:06:34.210Z][QUERY]: SELECT "Movie"."id" AS "Movie_id", "Movie"."title" AS "Movie_title", "Movie"."description" AS "Movie_description", "Movie"."director" AS "Movie_director", "Movie"."genre" AS "Movie_genre" FROM "movie" "Movie" WHERE "Movie"."director" = $1 AND "Movie"."genre" = $2 AND "Movie"."title" = $3 -- PARAMETERS: [null,null,null]
[2020-10-21T12:31:32.923Z][QUERY]: SELECT "User"."id" AS "User_id", "User"."username" AS "User_username" FROM "user" "User" WHERE "User"."deletedAt" IS NULL
[2020-10-21T12:32:03.384Z][QUERY]: START TRANSACTION
[2020-10-21T12:32:03.388Z][QUERY]: INSERT INTO "user"("username", "password", "createdAt", "updatedAt", "deletedAt") VALUES ($1, $2, DEFAULT, DEFAULT, DEFAULT) RETURNING "id", "createdAt", "updatedAt", "deletedAt" -- PARAMETERS: ["Criado pelo Swagger","pwdswagger"]
[2020-10-21T12:32:03.391Z][FAILED QUERY]: INSERT INTO "user"("username", "password", "createdAt", "updatedAt", "deletedAt") VALUES ($1, $2, DEFAULT, DEFAULT, DEFAULT) RETURNING "id", "createdAt", "updatedAt", "deletedAt" -- PARAMETERS: ["Criado pelo Swagger","pwdswagger"]
[2020-10-21T12:32:03.391Z][QUERY ERROR]: error: null value in column "id" of relation "user" violates not-null constraint
[2020-10-21T12:32:03.392Z][QUERY]: ROLLBACK
[2020-10-21T12:36:27.939Z][QUERY]: SELECT "User"."id" AS "User_id", "User"."username" AS "User_username" FROM "user" "User" WHERE "User"."deletedAt" IS NULL
[2020-10-21T12:37:10.256Z][QUERY]: SELECT "User"."id" AS "User_id", "User"."username" AS "User_username" FROM "user" "User" WHERE "User"."deletedAt" IS NULL
[2020-10-21T12:38:05.125Z][QUERY]: START TRANSACTION
[2020-10-21T12:38:05.126Z][QUERY]: INSERT INTO "user"("username", "password", "createdAt", "updatedAt", "deletedAt") VALUES ($1, $2, DEFAULT, DEFAULT, DEFAULT) RETURNING "id", "createdAt", "updatedAt", "deletedAt" -- PARAMETERS: ["Criado via Postman","pwdpostman"]
[2020-10-21T12:38:05.131Z][QUERY]: COMMIT
[2020-10-21T12:42:04.292Z][QUERY]: START TRANSACTION
[2020-10-21T12:42:04.306Z][QUERY]: INSERT INTO "user"("username", "password", "createdAt", "updatedAt", "deletedAt") VALUES ($1, $2, DEFAULT, DEFAULT, DEFAULT) RETURNING "id", "createdAt", "updatedAt", "deletedAt" -- PARAMETERS: ["Criado via Postman","pwdpostman"]
[2020-10-21T12:42:04.311Z][QUERY]: COMMIT
[2020-10-21T12:43:59.698Z][QUERY]: START TRANSACTION
[2020-10-21T12:43:59.722Z][QUERY]: INSERT INTO "user"("username", "password", "createdAt", "updatedAt", "deletedAt") VALUES ($1, $2, $3, $4, DEFAULT) RETURNING "id", "createdAt", "updatedAt", "deletedAt" -- PARAMETERS: ["Criado via Postman 2","pwdpostman2","2020-10-21T12:43:59.688Z","2020-10-21T12:43:59.688Z"]
[2020-10-21T12:43:59.733Z][QUERY]: COMMIT
[2020-10-21T12:53:49.023Z][QUERY]: START TRANSACTION
[2020-10-21T12:53:49.031Z][QUERY]: INSERT INTO "user"("username", "password", "createdAt", "updatedAt", "deletedAt") VALUES ($1, $2, $3, $4, DEFAULT) RETURNING "id", "createdAt", "updatedAt", "deletedAt" -- PARAMETERS: ["Criado via Postman 3","pwdpostman3","2020-10-21T12:53:49.014Z","2020-10-21T12:53:49.014Z"]
[2020-10-21T12:53:49.036Z][QUERY]: COMMIT
[2020-10-21T13:04:07.598Z][QUERY]: SELECT "User"."id" AS "User_id", "User"."username" AS "User_username" FROM "user" "User" WHERE ( "User"."id" IN ($1) ) AND ( "User"."deletedAt" IS NULL ) -- PARAMETERS: [4]
[2020-10-21T13:27:07.078Z][QUERY]: SELECT "User"."id" AS "User_id", "User"."username" AS "User_username", "User"."password" AS "User_password", "User"."createdAt" AS "User_createdAt", "User"."updatedAt" AS "User_updatedAt", "User"."deletedAt" AS "User_deletedAt" FROM "user" "User" WHERE ( "User"."id" IN ($1) ) AND ( "User"."deletedAt" IS NULL ) -- PARAMETERS: [4]
[2020-10-21T13:27:07.083Z][QUERY]: SELECT "User"."id" AS "User_id", "User"."username" AS "User_username", "User"."password" AS "User_password", "User"."createdAt" AS "User_createdAt", "User"."updatedAt" AS "User_updatedAt", "User"."deletedAt" AS "User_deletedAt" FROM "user" "User" WHERE "User"."id" IN ($1) -- PARAMETERS: [4]
[2020-10-21T13:27:07.092Z][QUERY]: START TRANSACTION
[2020-10-21T13:27:07.097Z][QUERY]: UPDATE "user" SET "username" = $2, "updatedAt" = CURRENT_TIMESTAMP WHERE "id" IN ($1) RETURNING "updatedAt" -- PARAMETERS: [4,"Editado no Postman!"]
[2020-10-21T13:27:07.101Z][QUERY]: COMMIT
[2020-10-21T13:31:04.269Z][QUERY]: SELECT "User"."id" AS "User_id", "User"."username" AS "User_username", "User"."password" AS "User_password", "User"."createdAt" AS "User_createdAt", "User"."updatedAt" AS "User_updatedAt", "User"."deletedAt" AS "User_deletedAt" FROM "user" "User" WHERE ( "User"."id" IN ($1) ) AND ( "User"."deletedAt" IS NULL ) -- PARAMETERS: [4]
[2020-10-21T13:31:04.278Z][QUERY]: UPDATE "user" SET "deletedAt" = CURRENT_TIMESTAMP, "updatedAt" = CURRENT_TIMESTAMP WHERE "id" IN ($1) -- PARAMETERS: [4]
[2020-10-21T23:31:39.874Z][QUERY]: SELECT "User"."id" AS "User_id", "User"."username" AS "User_username", "User"."password" AS "User_password" FROM "user" "User" WHERE ( "User"."username" = $1 AND "User"."password" = $2 ) AND ( "User"."deletedAt" IS NULL ) LIMIT 1 -- PARAMETERS: ["Usuário de Teste","pwdteste"]
[2020-10-21T23:32:39.031Z][QUERY]: SELECT "User"."id" AS "User_id", "User"."username" AS "User_username", "User"."password" AS "User_password" FROM "user" "User" WHERE ( "User"."username" = $1 AND "User"."password" = $2 ) AND ( "User"."deletedAt" IS NULL ) LIMIT 1 -- PARAMETERS: ["Usuário de Teste","pwdteste"]
[2020-10-21T23:32:45.740Z][QUERY]: SELECT "User"."id" AS "User_id", "User"."username" AS "User_username", "User"."password" AS "User_password" FROM "user" "User" WHERE ( "User"."username" = $1 AND "User"."password" = $2 ) AND ( "User"."deletedAt" IS NULL ) LIMIT 1 -- PARAMETERS: ["Usuário Teste","pwdteste"]
[2020-10-21T23:32:54.389Z][QUERY]: SELECT "User"."id" AS "User_id", "User"."username" AS "User_username", "User"."password" AS "User_password" FROM "user" "User" WHERE ( "User"."username" = $1 AND "User"."password" = $2 ) AND ( "User"."deletedAt" IS NULL ) LIMIT 1 -- PARAMETERS: ["Usuário Teste","pwdtestes"]
[2020-10-21T23:33:01.454Z][QUERY]: SELECT "User"."id" AS "User_id", "User"."username" AS "User_username", "User"."password" AS "User_password" FROM "user" "User" WHERE ( "User"."username" = $1 AND "User"."password" = $2 ) AND ( "User"."deletedAt" IS NULL ) LIMIT 1 -- PARAMETERS: ["Usuário Teste","pwdteste"]
[2020-10-22T00:13:32.619Z][QUERY]: SELECT "User"."id" AS "User_id", "User"."username" AS "User_username", "User"."password" AS "User_password" FROM "user" "User" WHERE ( "User"."username" = $1 AND "User"."password" = $2 ) AND ( "User"."deletedAt" IS NULL ) LIMIT 1 -- PARAMETERS: ["Usuário Teste","pwdteste"]
[2020-10-22T00:14:13.799Z][QUERY]: SELECT "User"."id" AS "User_id", "User"."username" AS "User_username", "User"."password" AS "User_password" FROM "user" "User" WHERE ( "User"."username" = $1 AND "User"."password" = $2 ) AND ( "User"."deletedAt" IS NULL ) LIMIT 1 -- PARAMETERS: ["Usuário Teste","pwdteste"]
[2020-10-22T00:15:11.748Z][QUERY]: SELECT "User"."id" AS "User_id", "User"."username" AS "User_username", "User"."password" AS "User_password" FROM "user" "User" WHERE ( "User"."username" = $1 AND "User"."password" = $2 ) AND ( "User"."deletedAt" IS NULL ) LIMIT 1 -- PARAMETERS: ["Usuário Teste","pwdteste"]
[2020-10-22T00:15:17.557Z][QUERY]: SELECT "User"."id" AS "User_id", "User"."username" AS "User_username", "User"."password" AS "User_password" FROM "user" "User" WHERE ( "User"."username" = $1 AND "User"."password" = $2 ) AND ( "User"."deletedAt" IS NULL ) LIMIT 1 -- PARAMETERS: ["Usuário Teste","pwdteste"]
[2020-10-22T01:19:24.057Z][QUERY]: SELECT "User"."id" AS "User_id", "User"."username" AS "User_username", "User"."password" AS "User_password" FROM "user" "User" WHERE ( "User"."username" = $1 AND "User"."password" = $2 ) AND ( "User"."deletedAt" IS NULL ) LIMIT 1 -- PARAMETERS: ["Usuário Teste","pwdteste"]
[2020-10-22T01:19:34.150Z][QUERY]: SELECT "User"."id" AS "User_id", "User"."username" AS "User_username" FROM "user" "User" WHERE "User"."deletedAt" IS NULL
[2020-10-22T12:44:59.057Z][QUERY]: SELECT "User"."id" AS "User_id", "User"."username" AS "User_username", "User"."password" AS "User_password" FROM "user" "User" WHERE ( "User"."username" = $1 AND "User"."password" = $2 ) AND ( "User"."deletedAt" IS NULL ) LIMIT 1 -- PARAMETERS: ["Usuário Teste","pwdteste"]
[2020-10-22T12:45:12.243Z][QUERY]: SELECT "User"."id" AS "User_id", "User"."username" AS "User_username" FROM "user" "User" WHERE "User"."deletedAt" IS NULL
[2020-10-22T14:16:06.616Z][QUERY]: SELECT "Movie"."id" AS "Movie_id", "Movie"."title" AS "Movie_title", "Movie"."description" AS "Movie_description", "Movie"."director" AS "Movie_director", "Movie"."genre" AS "Movie_genre" FROM "movie" "Movie" WHERE "Movie"."director" = $1 AND "Movie"."genre" = $2 AND "Movie"."title" = $3 -- PARAMETERS: [null,null,null]
[2020-10-22T14:19:19.765Z][QUERY]: START TRANSACTION
[2020-10-22T14:19:19.773Z][QUERY]: INSERT INTO "movie"("title", "description", "director", "genre") VALUES (DEFAULT, DEFAULT, DEFAULT, DEFAULT) RETURNING "id"
[2020-10-22T14:19:19.780Z][QUERY]: COMMIT
